<?xml version="1.0" encoding="UTF-8"?>
<!-- Generated by org.testng.reporters.JUnitReportReporter -->
<testsuite skipped="0" hostname="Pallavis-MacBook-Air.local" name="Data.ConfigurationClass" tests="1" failures="0" timestamp="28 May 2017 11:35:12 GMT" time="0.019" errors="0">
  <testcase name="testConfig" time="0.019" classname="Data.ConfigurationClass"/>
</testsuite> <!-- Data.ConfigurationClass -->
